ERROR - 2024-05-29 07:26:11 --> Error connecting to the database: mysqli_sql_exception: No connection could be made because the target machine actively refused it in C:\xampp\htdocs\websig\system\Database\MySQLi\Connection.php:184
Stack trace:
#0 C:\xampp\htdocs\websig\system\Database\MySQLi\Connection.php(184): mysqli->real_connect('localhost', 'root', Object(SensitiveParameterValue), 'websig', 3306, '', 0)
#1 C:\xampp\htdocs\websig\system\Database\BaseConnection.php(392): CodeIgniter\Database\MySQLi\Connection->connect(false)
#2 C:\xampp\htdocs\websig\system\Database\BaseConnection.php(575): CodeIgniter\Database\BaseConnection->initialize()
#3 C:\xampp\htdocs\websig\system\Database\BaseBuilder.php(1616): CodeIgniter\Database\BaseConnection->query('SELECT *\nFROM `...', Array, false)
#4 C:\xampp\htdocs\websig\system\Model.php(199): CodeIgniter\Database\BaseBuilder->get()
#5 C:\xampp\htdocs\websig\system\BaseModel.php(577): CodeIgniter\Model->doFind(true, 1)
#6 C:\xampp\htdocs\websig\app\Controllers\Dashboard.php(18): CodeIgniter\BaseModel->find(1)
#7 C:\xampp\htdocs\websig\system\CodeIgniter.php(941): App\Controllers\Dashboard->index()
#8 C:\xampp\htdocs\websig\system\CodeIgniter.php(502): CodeIgniter\CodeIgniter->runController(Object(App\Controllers\Dashboard))
#9 C:\xampp\htdocs\websig\system\CodeIgniter.php(361): CodeIgniter\CodeIgniter->handleRequest(NULL, Object(Config\Cache), false)
#10 C:\xampp\htdocs\websig\index.php(79): CodeIgniter\CodeIgniter->run()
#11 {main}

Next CodeIgniter\Database\Exceptions\DatabaseException: No connection could be made because the target machine actively refused it in C:\xampp\htdocs\websig\system\Database\MySQLi\Connection.php:229
Stack trace:
#0 C:\xampp\htdocs\websig\system\Database\BaseConnection.php(392): CodeIgniter\Database\MySQLi\Connection->connect(false)
#1 C:\xampp\htdocs\websig\system\Database\BaseConnection.php(575): CodeIgniter\Database\BaseConnection->initialize()
#2 C:\xampp\htdocs\websig\system\Database\BaseBuilder.php(1616): CodeIgniter\Database\BaseConnection->query('SELECT *\nFROM `...', Array, false)
#3 C:\xampp\htdocs\websig\system\Model.php(199): CodeIgniter\Database\BaseBuilder->get()
#4 C:\xampp\htdocs\websig\system\BaseModel.php(577): CodeIgniter\Model->doFind(true, 1)
#5 C:\xampp\htdocs\websig\app\Controllers\Dashboard.php(18): CodeIgniter\BaseModel->find(1)
#6 C:\xampp\htdocs\websig\system\CodeIgniter.php(941): App\Controllers\Dashboard->index()
#7 C:\xampp\htdocs\websig\system\CodeIgniter.php(502): CodeIgniter\CodeIgniter->runController(Object(App\Controllers\Dashboard))
#8 C:\xampp\htdocs\websig\system\CodeIgniter.php(361): CodeIgniter\CodeIgniter->handleRequest(NULL, Object(Config\Cache), false)
#9 C:\xampp\htdocs\websig\index.php(79): CodeIgniter\CodeIgniter->run()
#10 {main}
CRITICAL - 2024-05-29 07:26:11 --> CodeIgniter\Database\Exceptions\DatabaseException: Unable to connect to the database.
Main connection [MySQLi]: No connection could be made because the target machine actively refused it
in SYSTEMPATH\Database\BaseConnection.php on line 428.
 1 SYSTEMPATH\Database\BaseConnection.php(575): CodeIgniter\Database\BaseConnection->initialize()
 2 SYSTEMPATH\Database\BaseBuilder.php(1616): CodeIgniter\Database\BaseConnection->query('SELECT *
FROM `kabupaten`
WHERE `kabupaten`.`id_kabupaten` = :kabupaten.id_kabupaten:', [...], false)
 3 SYSTEMPATH\Model.php(199): CodeIgniter\Database\BaseBuilder->get()
 4 SYSTEMPATH\BaseModel.php(577): CodeIgniter\Model->doFind(true, 1)
 5 APPPATH\Controllers\Dashboard.php(18): CodeIgniter\BaseModel->find(1)
 6 SYSTEMPATH\CodeIgniter.php(941): App\Controllers\Dashboard->index()
 7 SYSTEMPATH\CodeIgniter.php(502): CodeIgniter\CodeIgniter->runController(Object(App\Controllers\Dashboard))
 8 SYSTEMPATH\CodeIgniter.php(361): CodeIgniter\CodeIgniter->handleRequest(null, Object(Config\Cache), false)
 9 FCPATH\index.php(79): CodeIgniter\CodeIgniter->run()
