INFO - 2024-06-14 07:24:45 --> Session: Class initialized using 'CodeIgniter\Session\Handlers\FileHandler' driver.
CRITICAL - 2024-06-14 07:24:56 --> ErrorException: Attempt to read property "kode_kecamatan" on array
in APPPATH\Controllers\Dashboard.php on line 43.
 1 APPPATH\Controllers\Dashboard.php(43): CodeIgniter\Debug\Exceptions->errorHandler(2, 'Attempt to read property "kode_kecamatan" on array', 'D:\\xampp\\htdocs\\sigkab\\app\\Controllers\\Dashboard.php', 43)
 2 SYSTEMPATH\CodeIgniter.php(941): App\Controllers\Dashboard->getdata()
 3 SYSTEMPATH\CodeIgniter.php(502): CodeIgniter\CodeIgniter->runController(Object(App\Controllers\Dashboard))
 4 SYSTEMPATH\CodeIgniter.php(361): CodeIgniter\CodeIgniter->handleRequest(null, Object(Config\Cache), false)
 5 FCPATH\index.php(79): CodeIgniter\CodeIgniter->run()
CRITICAL - 2024-06-14 07:24:56 --> ErrorException: Attempt to read property "kode_kecamatan" on array
in APPPATH\Controllers\Dashboard.php on line 43.
 1 APPPATH\Controllers\Dashboard.php(43): CodeIgniter\Debug\Exceptions->errorHandler(2, 'Attempt to read property "kode_kecamatan" on array', 'D:\\xampp\\htdocs\\sigkab\\app\\Controllers\\Dashboard.php', 43)
 2 SYSTEMPATH\CodeIgniter.php(941): App\Controllers\Dashboard->getdata()
 3 SYSTEMPATH\CodeIgniter.php(502): CodeIgniter\CodeIgniter->runController(Object(App\Controllers\Dashboard))
 4 SYSTEMPATH\CodeIgniter.php(361): CodeIgniter\CodeIgniter->handleRequest(null, Object(Config\Cache), false)
 5 FCPATH\index.php(79): CodeIgniter\CodeIgniter->run()
CRITICAL - 2024-06-14 07:24:56 --> ErrorException: Attempt to read property "kode_kecamatan" on array
in APPPATH\Controllers\Dashboard.php on line 43.
 1 APPPATH\Controllers\Dashboard.php(43): CodeIgniter\Debug\Exceptions->errorHandler(2, 'Attempt to read property "kode_kecamatan" on array', 'D:\\xampp\\htdocs\\sigkab\\app\\Controllers\\Dashboard.php', 43)
 2 SYSTEMPATH\CodeIgniter.php(941): App\Controllers\Dashboard->getdata()
 3 SYSTEMPATH\CodeIgniter.php(502): CodeIgniter\CodeIgniter->runController(Object(App\Controllers\Dashboard))
 4 SYSTEMPATH\CodeIgniter.php(361): CodeIgniter\CodeIgniter->handleRequest(null, Object(Config\Cache), false)
 5 FCPATH\index.php(79): CodeIgniter\CodeIgniter->run()
CRITICAL - 2024-06-14 07:24:59 --> ErrorException: Attempt to read property "kode_kecamatan" on array
in APPPATH\Controllers\Dashboard.php on line 43.
 1 APPPATH\Controllers\Dashboard.php(43): CodeIgniter\Debug\Exceptions->errorHandler(2, 'Attempt to read property "kode_kecamatan" on array', 'D:\\xampp\\htdocs\\sigkab\\app\\Controllers\\Dashboard.php', 43)
 2 SYSTEMPATH\CodeIgniter.php(941): App\Controllers\Dashboard->getdata()
 3 SYSTEMPATH\CodeIgniter.php(502): CodeIgniter\CodeIgniter->runController(Object(App\Controllers\Dashboard))
 4 SYSTEMPATH\CodeIgniter.php(361): CodeIgniter\CodeIgniter->handleRequest(null, Object(Config\Cache), false)
 5 FCPATH\index.php(79): CodeIgniter\CodeIgniter->run()
CRITICAL - 2024-06-14 07:26:07 --> ErrorException: Attempt to read property "kode_kecamatan" on array
in APPPATH\Controllers\Dashboard.php on line 43.
 1 APPPATH\Controllers\Dashboard.php(43): CodeIgniter\Debug\Exceptions->errorHandler(2, 'Attempt to read property "kode_kecamatan" on array', 'D:\\xampp\\htdocs\\sigkab\\app\\Controllers\\Dashboard.php', 43)
 2 SYSTEMPATH\CodeIgniter.php(941): App\Controllers\Dashboard->getdata()
 3 SYSTEMPATH\CodeIgniter.php(502): CodeIgniter\CodeIgniter->runController(Object(App\Controllers\Dashboard))
 4 SYSTEMPATH\CodeIgniter.php(361): CodeIgniter\CodeIgniter->handleRequest(null, Object(Config\Cache), false)
 5 FCPATH\index.php(79): CodeIgniter\CodeIgniter->run()
CRITICAL - 2024-06-14 07:26:08 --> ErrorException: Attempt to read property "kode_kecamatan" on array
in APPPATH\Controllers\Dashboard.php on line 43.
 1 APPPATH\Controllers\Dashboard.php(43): CodeIgniter\Debug\Exceptions->errorHandler(2, 'Attempt to read property "kode_kecamatan" on array', 'D:\\xampp\\htdocs\\sigkab\\app\\Controllers\\Dashboard.php', 43)
 2 SYSTEMPATH\CodeIgniter.php(941): App\Controllers\Dashboard->getdata()
 3 SYSTEMPATH\CodeIgniter.php(502): CodeIgniter\CodeIgniter->runController(Object(App\Controllers\Dashboard))
 4 SYSTEMPATH\CodeIgniter.php(361): CodeIgniter\CodeIgniter->handleRequest(null, Object(Config\Cache), false)
 5 FCPATH\index.php(79): CodeIgniter\CodeIgniter->run()
CRITICAL - 2024-06-14 07:26:09 --> ErrorException: Attempt to read property "kode_kecamatan" on array
in APPPATH\Controllers\Dashboard.php on line 43.
 1 APPPATH\Controllers\Dashboard.php(43): CodeIgniter\Debug\Exceptions->errorHandler(2, 'Attempt to read property "kode_kecamatan" on array', 'D:\\xampp\\htdocs\\sigkab\\app\\Controllers\\Dashboard.php', 43)
 2 SYSTEMPATH\CodeIgniter.php(941): App\Controllers\Dashboard->getdata()
 3 SYSTEMPATH\CodeIgniter.php(502): CodeIgniter\CodeIgniter->runController(Object(App\Controllers\Dashboard))
 4 SYSTEMPATH\CodeIgniter.php(361): CodeIgniter\CodeIgniter->handleRequest(null, Object(Config\Cache), false)
 5 FCPATH\index.php(79): CodeIgniter\CodeIgniter->run()
